<?xml version="1.0" encoding="UTF-8"?>
<!-- Generated by org.testng.reporters.JUnitXMLReporter -->
<testsuite hostname="4DEDKGROMOV1" ignored="2" name="Command line test" tests="2" failures="0" timestamp="11 Oct 2018 07:06:42 GMT" time="4.433" errors="0">
  <testcase name="successTest" time="0.001" classname="html.TestGridActivationTest"/>
  <testcase name="checkBuild" time="4.398" classname="jenkins.JenkinsClientTest"/>
  <testcase name="listCrossProductBuilds" time="0.0" classname="jenkins.JenkinsClientTest">
    <ignored/>
  </testcase> <!-- listCrossProductBuilds -->
  <testcase name="listRegionBuilds" time="0.0" classname="jenkins.JenkinsClientTest">
    <ignored/>
  </testcase> <!-- listRegionBuilds -->
</testsuite> <!-- Command line test -->
